<?xml version="1.0" encoding="UTF-8"?>
<!-- Generated by org.testng.reporters.JUnitXMLReporter -->
<testsuite hostname="INM-C02DCPKUML7H.local" ignored="0" name="Test" tests="0" failures="0" timestamp="2021-12-07T00:11:19 IST" time="0.306" errors="0">
  <testcase name="@AfterClass writeExtentReport" time="0.014" classname="automation.runner.TestRunnerWithTestNg">
    <failure type="java.lang.NullPointerException">
      <![CDATA[java.lang.NullPointerException
at com.cucumber.listener.Reporter.loadXMLConfig(Reporter.java:56)
at automation.runner.TestRunnerWithTestNg.writeExtentReport(TestRunnerWithTestNg.java:20)
at java.util.ArrayList.forEach(ArrayList.java:1259)
... Removed 25 stack frames]]>
    </failure>
  </testcase> <!-- @AfterClass writeExtentReport -->
</testsuite> <!-- Test -->
